<?xml version="1.0" encoding="UTF-8"?>
<!-- Generated by org.testng.reporters.JUnitXMLReporter -->
<testsuite ignored="0" hostname="LAPTOP-BB3C0TVK" failures="0" tests="37" name="Test" time="242.981" errors="0" timestamp="2025-12-08T00:14:44 IST">
  <testcase classname="Test.SignUpTest" name="valid_user" time="2.544"/>
  <testcase classname="Test.SignUpTest" name="emptyUsernameTest" time="2.953"/>
  <testcase classname="Test.SignUpTest" name="emptyPasswordTest" time="3.151"/>
  <testcase classname="Test.SignUpTest" name="specialCharacterUsernameTest" time="5.885"/>
  <testcase classname="Test.SignUpTest" name="existing_user" time="4.633"/>
  <testcase classname="Test.logintest" name="validLogin" time="1.022"/>
  <testcase classname="Test.logintest" name="invalidLogin" time="3.814"/>
  <testcase classname="Test.logintest" name="loginWithEmptyUsername" time="5.724"/>
  <testcase classname="Test.logintest" name="loginWithEmptyPassword" time="6.91"/>
  <testcase classname="Test.logintest" name="loginWithBothFieldsEmpty" time="3.269"/>
  <testcase classname="Test.HomePageText" name="listProductNamesAndPrices" time="1.043"/>
  <testcase classname="Test.HomePageText" name="verifyHomePageLogo" time="0.035"/>
  <testcase classname="Test.HomePageText" name="verifyCategoriesVisible" time="0.035"/>
  <testcase classname="Test.HomePageText" name="verifyPhonesCategory" time="0.169"/>
  <testcase classname="Test.HomePageText" name="verifyLaptopsCategory" time="0.137"/>
  <testcase classname="Test.HomePageText" name="verifyMonitorsCategory" time="0.134"/>
  <testcase classname="Test.HomePageText" name="verifyNextButtonCarousel" time="0.093"/>
  <testcase classname="Test.HomePageText" name="verifyPreviousButtonCarousel" time="0.091"/>
  <testcase classname="Test.HomePageText" name="verifyCartNavigation" time="8.221"/>
  <testcase classname="Test.HomePageText" name="verifyContactModal" time="5.881"/>
  <testcase classname="Test.AddToCartTest" name="addSamsungGalaxyS6" time="18.249"/>
  <testcase classname="Test.AddToCartTest" name="addMacBookPro" time="9.347"/>
  <testcase classname="Test.AddToCartTest" name="addSonyVaio" time="3.99"/>
  <testcase classname="Test.AddToCartTest" name="removeSamsungGalaxyS6" time="15.604"/>
  <testcase classname="Test.PurchaseTest" name="closePlaceOrderFormWithoutData" time="3.859"/>
  <testcase classname="Test.PurchaseTest" name="completePurchase" time="2.435"/>
  <testcase classname="Test.PurchaseTest" name="purchaseWithoutFillingData" time="3.773"/>
  <testcase classname="Test.ContactTest" name="testContactSendMessage" time="2.063"/>
  <testcase classname="Test.ContactTest" name="testContactWithoutEnteringData" time="1.399"/>
  <testcase classname="Test.ContactTest" name="testInvalidEmailFormat" time="11.054"/>
  <testcase classname="Test.ContactTest" name="testEmailEmpty" time="1.492"/>
  <testcase classname="Test.ContactTest" name="testNameEmpty" time="25.171"/>
  <testcase classname="Test.ContactTest" name="testMessageEmpty" time="8.408"/>
  <testcase classname="Test.ContactTest" name="testLongMessage" time="22.034"/>
  <testcase classname="Test.ContactTest" name="testSpecialCharactersMessage" time="2.825"/>
  <testcase classname="Test.ContactTest" name="testXSSPayload" time="1.585"/>
  <testcase classname="Test.ContactTest" name="testAlertNotPresent" time="1.655"/>
</testsuite> <!-- Test -->
