<?xml version="1.0" encoding="UTF-8"?>
<!-- Generated by org.testng.reporters.JUnitReportReporter -->
<testsuite hostname="LAPTOP-BB3C0TVK" failures="0" tests="5" name="Test.logintest" time="20.739" errors="0" timestamp="2025-12-08T00:14:44 IST" skipped="0">
  <testcase classname="Test.logintest" name="validLogin" time="1.022"/>
  <testcase classname="Test.logintest" name="invalidLogin" time="3.814"/>
  <testcase classname="Test.logintest" name="loginWithEmptyUsername" time="5.724"/>
  <testcase classname="Test.logintest" name="loginWithEmptyPassword" time="6.910"/>
  <testcase classname="Test.logintest" name="loginWithBothFieldsEmpty" time="3.269"/>
</testsuite> <!-- Test.logintest -->
