<?xml version="1.0" encoding="UTF-8"?>
<!-- Generated by org.testng.reporters.JUnitReportReporter -->
<testsuite hostname="LAPTOP-BB3C0TVK" failures="0" tests="4" name="Test.AddToCartTest" time="47.190" errors="0" timestamp="2025-12-08T00:14:44 IST" skipped="0">
  <testcase classname="Test.AddToCartTest" name="addSamsungGalaxyS6" time="18.249"/>
  <testcase classname="Test.AddToCartTest" name="addMacBookPro" time="9.347"/>
  <testcase classname="Test.AddToCartTest" name="addSonyVaio" time="3.990"/>
  <testcase classname="Test.AddToCartTest" name="removeSamsungGalaxyS6" time="15.604"/>
</testsuite> <!-- Test.AddToCartTest -->
