<?xml version="1.0" encoding="UTF-8"?>
<!-- Generated by org.testng.reporters.JUnitReportReporter -->
<testsuite hostname="LAPTOP-BB3C0TVK" failures="0" tests="10" name="Test.ContactTest" time="77.686" errors="0" timestamp="2025-12-08T00:14:44 IST" skipped="0">
  <testcase classname="Test.ContactTest" name="testContactSendMessage" time="2.063"/>
  <testcase classname="Test.ContactTest" name="testContactWithoutEnteringData" time="1.399"/>
  <testcase classname="Test.ContactTest" name="testInvalidEmailFormat" time="11.054"/>
  <testcase classname="Test.ContactTest" name="testEmailEmpty" time="1.492"/>
  <testcase classname="Test.ContactTest" name="testNameEmpty" time="25.171"/>
  <testcase classname="Test.ContactTest" name="testMessageEmpty" time="8.408"/>
  <testcase classname="Test.ContactTest" name="testLongMessage" time="22.034"/>
  <testcase classname="Test.ContactTest" name="testSpecialCharactersMessage" time="2.825"/>
  <testcase classname="Test.ContactTest" name="testXSSPayload" time="1.585"/>
  <testcase classname="Test.ContactTest" name="testAlertNotPresent" time="1.655"/>
</testsuite> <!-- Test.ContactTest -->
