<?xml version="1.0" encoding="UTF-8"?>
<!-- Generated by org.testng.reporters.JUnitReportReporter -->
<testsuite hostname="LAPTOP-BB3C0TVK" failures="0" tests="3" name="Test.PurchaseTest" time="10.067" errors="0" timestamp="2025-12-08T00:14:44 IST" skipped="0">
  <testcase classname="Test.PurchaseTest" name="closePlaceOrderFormWithoutData" time="3.859"/>
  <testcase classname="Test.PurchaseTest" name="completePurchase" time="2.435"/>
  <testcase classname="Test.PurchaseTest" name="purchaseWithoutFillingData" time="3.773"/>
</testsuite> <!-- Test.PurchaseTest -->
