<?xml version="1.0" encoding="UTF-8"?>
<!-- Generated by org.testng.reporters.JUnitReportReporter -->
<testsuite hostname="LAPTOP-BB3C0TVK" failures="0" tests="5" name="Test.SignUpTest" time="19.166" errors="0" timestamp="2025-12-08T00:14:44 IST" skipped="0">
  <testcase classname="Test.SignUpTest" name="valid_user" time="2.544"/>
  <testcase classname="Test.SignUpTest" name="emptyUsernameTest" time="2.953"/>
  <testcase classname="Test.SignUpTest" name="emptyPasswordTest" time="3.151"/>
  <testcase classname="Test.SignUpTest" name="specialCharacterUsernameTest" time="5.885"/>
  <testcase classname="Test.SignUpTest" name="existing_user" time="4.633"/>
</testsuite> <!-- Test.SignUpTest -->
