<?xml version="1.0" encoding="UTF-8"?>
<!-- Generated by org.testng.reporters.JUnitReportReporter -->
<testsuite hostname="LAPTOP-BB3C0TVK" failures="0" tests="10" name="Test.HomePageText" time="15.839" errors="0" timestamp="2025-12-08T00:14:44 IST" skipped="0">
  <testcase classname="Test.HomePageText" name="listProductNamesAndPrices" time="1.043"/>
  <testcase classname="Test.HomePageText" name="verifyHomePageLogo" time="0.035"/>
  <testcase classname="Test.HomePageText" name="verifyCategoriesVisible" time="0.035"/>
  <testcase classname="Test.HomePageText" name="verifyPhonesCategory" time="0.169"/>
  <testcase classname="Test.HomePageText" name="verifyLaptopsCategory" time="0.137"/>
  <testcase classname="Test.HomePageText" name="verifyMonitorsCategory" time="0.134"/>
  <testcase classname="Test.HomePageText" name="verifyNextButtonCarousel" time="0.093"/>
  <testcase classname="Test.HomePageText" name="verifyPreviousButtonCarousel" time="0.091"/>
  <testcase classname="Test.HomePageText" name="verifyCartNavigation" time="8.221"/>
  <testcase classname="Test.HomePageText" name="verifyContactModal" time="5.881"/>
</testsuite> <!-- Test.HomePageText -->
